2020-03-11 08:09:30,175 [main] INFO Amazon - Page Loaded
2020-03-11 08:09:31,529 [main] INFO Amazon - Entering Email Page
2020-03-11 08:09:34,647 [main] INFO Amazon - Entering Password Page
2020-03-11 08:09:39,268 [main] INFO Amazon - Title Verified
2020-03-11 08:09:42,307 [main] INFO Amazon - Sign out
2020-03-11 08:09:42,311 [main] INFO Amazon - Driver Closed
2020-03-11 08:15:35,331 [main] INFO Amazon - Page Loaded
2020-03-11 08:15:36,553 [main] INFO Amazon - Entering Email Page
2020-03-11 08:15:39,552 [main] INFO Amazon - Entering Password Page
2020-03-11 08:15:43,669 [main] INFO Amazon - Title Verified
2020-03-11 08:15:46,716 [main] INFO Amazon - Sign out
2020-03-11 08:15:46,722 [main] INFO Amazon - Driver Closed
2020-03-11 08:18:55,192 [main] INFO Amazon - Page Loaded
2020-03-11 08:18:56,508 [main] INFO Amazon - Entering Email Page
2020-03-11 08:18:59,602 [main] INFO Amazon - Entering Password Page
2020-03-11 08:19:03,951 [main] INFO Amazon - Title Verified
2020-03-11 08:19:06,994 [main] INFO Amazon - Sign out
2020-03-11 08:19:06,994 [main] INFO Amazon - Driver Closed
2020-03-11 08:28:04,921 [main] INFO Amazon - Page Loaded
2020-03-11 08:28:06,074 [main] INFO Amazon - Entering Email Page
2020-03-11 08:28:08,990 [main] INFO Amazon - Entering Password Page
2020-03-11 08:28:13,274 [main] INFO Amazon - Title Verified
2020-03-11 08:28:16,318 [main] INFO Amazon - Sign out
2020-03-11 08:28:16,324 [main] INFO Amazon - Driver Closed
2020-03-11 08:30:00,603 [main] INFO Amazon - Page Loaded
2020-03-11 08:30:02,470 [main] INFO Amazon - Entering Email Page
2020-03-11 08:30:05,581 [main] INFO Amazon - Entering Password Page
2020-03-11 08:30:09,442 [main] INFO Amazon - Title Verified
2020-03-11 08:30:12,469 [main] INFO Amazon - Sign out
2020-03-11 08:30:12,470 [main] INFO Amazon - Driver Closed
